## Footprint report - date 05/27/17 17:45:49
## Created by Pcbnew version kicad 4.0.5
## Unit = mm, Angle = deg.

$BeginDESCRIPTION

$BOARD
upper_left_corner 133.274999 64.605000
lower_right_corner 232.485001 125.445000
$EndBOARD

$MODULE "R3"
reference "R3"
value "4.7k"
footprint "Resistors_THT:R_Axial_DIN0614_L14.3mm_D5.7mm_P15.24mm_Horizontal"
attribut none
position 195.000000 108.440000  orientation 90.00
layer front
$PAD "1"
Shape Circle Layer both
position  0.000000  0.000000  size  2.800000  2.800000  orientation 0.00
drill  1.400000
shape_offset  0.000000  0.000000
$EndPAD
$PAD "2"
Shape Oval Layer both
position 15.240000  0.000000  size  2.800000  2.800000  orientation 0.00
drill  1.400000
shape_offset  0.000000  0.000000
$EndPAD
$EndMODULE  R3

$MODULE "C1"
reference "C1"
value "20uF"
footprint "Capacitors_THT:CP_Axial_L30.0mm_D18.0mm_P35.00mm_Horizontal"
attribut none
position 145.000000 79.250000  orientation 0.00
layer front
$PAD "1"
Shape Rect Layer both
position  0.000000  0.000000  size  2.400000  2.400000  orientation 0.00
drill  1.200000
shape_offset  0.000000  0.000000
$EndPAD
$PAD "2"
Shape Oval Layer both
position 35.000000  0.000000  size  2.400000  2.400000  orientation 0.00
drill  1.200000
shape_offset  0.000000  0.000000
$EndPAD
$EndMODULE  C1

$MODULE "C2"
reference "C2"
value "50uF"
footprint "Capacitors_THT:CP_Axial_L20.0mm_D10.0mm_P26.00mm_Horizontal"
attribut none
position 154.100000 114.700000  orientation 0.00
layer front
$PAD "1"
Shape Rect Layer both
position  0.000000  0.000000  size  2.400000  2.400000  orientation 0.00
drill  1.200000
shape_offset  0.000000  0.000000
$EndPAD
$PAD "2"
Shape Oval Layer both
position 26.000000  0.000000  size  2.400000  2.400000  orientation 0.00
drill  1.200000
shape_offset  0.000000  0.000000
$EndPAD
$EndMODULE  C2

$MODULE "C3"
reference "C3"
value "20uF"
footprint "Capacitors_THT:CP_Axial_L30.0mm_D18.0mm_P35.00mm_Horizontal"
attribut none
position 187.500000 80.010000  orientation 0.00
layer front
$PAD "1"
Shape Rect Layer both
position  0.000000  0.000000  size  2.400000  2.400000  orientation 0.00
drill  1.200000
shape_offset  0.000000  0.000000
$EndPAD
$PAD "2"
Shape Oval Layer both
position 35.000000  0.000000  size  2.400000  2.400000  orientation 0.00
drill  1.200000
shape_offset  0.000000  0.000000
$EndPAD
$EndMODULE  C3

$MODULE "P1"
reference "P1"
value "SIGNAL_IN"
footprint "Buttons_Switches_THT:SW_PUSH"
attribut none
position 149.400000 100.800000  orientation 0.00
layer front
$PAD "1"
Shape Circle Layer both
position -5.080000 -2.540000  size  2.540000  2.540000  orientation 0.00
drill  1.143000
shape_offset  0.000000  0.000000
$EndPAD
$PAD "2"
Shape Circle Layer both
position  5.080000  2.540000  size  2.540000  2.540000  orientation 0.00
drill  1.143000
shape_offset  0.000000  0.000000
$EndPAD
$EndMODULE  P1

$MODULE "P2"
reference "P2"
value "SIGNAL_OUT"
footprint "Buttons_Switches_THT:SW_PUSH"
attribut none
position 220.750000 100.250000  orientation 270.00
layer front
$PAD "1"
Shape Circle Layer both
position -5.080000 -2.540000  size  2.540000  2.540000  orientation 0.00
drill  1.143000
shape_offset  0.000000  0.000000
$EndPAD
$PAD "2"
Shape Circle Layer both
position  5.080000  2.540000  size  2.540000  2.540000  orientation 0.00
drill  1.143000
shape_offset  0.000000  0.000000
$EndPAD
$EndMODULE  P2

$MODULE "Q1"
reference "Q1"
value "BC548"
footprint "TO_SOT_Packages_THT:TO-92_Inline_Narrow_Oval"
attribut none
position 180.100000 93.000000  orientation 270.00
layer front
$PAD "2"
Shape Oval Layer both
position  1.270000  0.000000  size  0.900000  1.500000  orientation -180.00
drill  0.600000
shape_offset  0.000000  0.000000
$EndPAD
$PAD "3"
Shape Oval Layer both
position  2.540000  0.000000  size  0.900000  1.500000  orientation -180.00
drill  0.600000
shape_offset  0.000000  0.000000
$EndPAD
$PAD "1"
Shape Rect Layer both
position  0.000000  0.000000  size  0.900000  1.500000  orientation -180.00
drill  0.600000
shape_offset  0.000000  0.000000
$EndPAD
$EndMODULE  Q1

$MODULE "R1"
reference "R1"
value "22k"
footprint "Resistors_THT:R_Axial_DIN0309_L9.0mm_D3.2mm_P25.40mm_Horizontal"
attribut none
position 188.800000 117.100000  orientation 0.00
layer front
$PAD "1"
Shape Circle Layer both
position  0.000000  0.000000  size  1.600000  1.600000  orientation 0.00
drill  0.800000
shape_offset  0.000000  0.000000
$EndPAD
$PAD "2"
Shape Oval Layer both
position 25.400000  0.000000  size  1.600000  1.600000  orientation 0.00
drill  0.800000
shape_offset  0.000000  0.000000
$EndPAD
$EndMODULE  R1

$MODULE "R2"
reference "R2"
value "6.8k"
footprint "Resistors_THT:R_Axial_DIN0309_L9.0mm_D3.2mm_P12.70mm_Horizontal"
attribut none
position 207.700000 93.600000  orientation 270.00
layer front
$PAD "1"
Shape Circle Layer both
position  0.000000  0.000000  size  1.600000  1.600000  orientation 0.00
drill  0.800000
shape_offset  0.000000  0.000000
$EndPAD
$PAD "2"
Shape Oval Layer both
position 12.700000  0.000000  size  1.600000  1.600000  orientation 0.00
drill  0.800000
shape_offset  0.000000  0.000000
$EndPAD
$EndMODULE  R2

$MODULE "R4"
reference "R4"
value "1.8k"
footprint "Resistors_THT:R_Axial_DIN0309_L9.0mm_D3.2mm_P2.54mm_Vertical"
attribut none
position 143.400000 113.900000  orientation 0.00
layer front
$PAD "1"
Shape Circle Layer both
position  0.000000  0.000000  size  1.600000  1.600000  orientation 0.00
drill  0.800000
shape_offset  0.000000  0.000000
$EndPAD
$PAD "2"
Shape Oval Layer both
position  2.540000  0.000000  size  1.600000  1.600000  orientation 0.00
drill  0.800000
shape_offset  0.000000  0.000000
$EndPAD
$EndMODULE  R4

$EndDESCRIPTION
